<?xml version="1.0" encoding="UTF-8"?>
<!-- Generated by org.testng.reporters.JUnitReportReporter -->
<testsuite hostname="Ashraf-khalil" failures="0" tests="1" name="testCases.PaymentTestCase" time="3.416" errors="0" timestamp="2024-10-17T15:47:36 GMT+03:00" skipped="0">
  <testcase classname="testCases.PaymentTestCase" name="enterPaymentData" time="3.416"/>
  <system-out/>
</testsuite> <!-- testCases.PaymentTestCase -->
