<?xml version="1.0" encoding="UTF-8"?>
<!-- Generated by org.testng.reporters.JUnitReportReporter -->
<testsuite hostname="Ashraf-khalil" failures="0" tests="1" name="testCases.LogInTestCase" time="5.062" errors="0" timestamp="2024-10-17T15:47:36 GMT+03:00" skipped="0">
  <testcase classname="testCases.LogInTestCase" name="loginWithValidData" time="5.062"/>
  <system-out/>
</testsuite> <!-- testCases.LogInTestCase -->
