<?xml version="1.0" encoding="UTF-8"?>
<!-- Generated by org.testng.reporters.JUnitReportReporter -->
<testsuite hostname="Ashraf-khalil" failures="0" tests="1" name="testCases.CheckOutTestCase" time="0.657" errors="0" timestamp="2024-10-17T15:32:58 GMT+03:00" skipped="0">
  <testcase classname="testCases.CheckOutTestCase" name="PlaceOrder" time="0.657"/>
  <system-out/>
</testsuite> <!-- testCases.CheckOutTestCase -->
